<?xml version="1.0" encoding="UTF-8"?>
<testsuite name="Test" tests="1" skipped="0" failures="0" errors="0" timestamp="2020-07-12T03:14:37" hostname="TEQ-MAC-HAUNGUYEN" time="1.502">
  <properties/>
  <testcase name="testDrive" classname="Test" time="1.502"/>
  <system-out><![CDATA[folderId = 1HnFCKTz680EfLi0Mv8r15rPCVw-wbslQ
]]></system-out>
  <system-err><![CDATA[Jul 12, 2020 10:14:38 AM com.google.api.client.googleapis.services.AbstractGoogleClient <init>
WARNING: Application name is not set. Call Builder#setApplicationName.
]]></system-err>
</testsuite>
